This is pdfeTeX, Version 3.141592-1.30.6-2.2 (MiKTeX 2.5) (preloaded format=pdflatex 2007.3.5)  9 MAR 2007 13:44
entering extended mode
**C:/STAGE/MonCode/Rapport/rapport.tex
(C:\STAGE\MonCode\Rapport\rapport.tex
LaTeX2e <2005/12/01>
Babel <v3.8g> and hyphenation patterns for english, dumylang, nohyphenation, ge
rman, ngerman, french, loaded.
("C:\Program Files\MiKTeX 2.5\tex\latex\base\article.cls"
Document Class: article 2005/09/16 v1.4f Standard LaTeX document class
("C:\Program Files\MiKTeX 2.5\tex\latex\base\size12.clo"
File: size12.clo 2005/09/16 v1.4f Standard LaTeX file (size option)
)
\c@part=\count79
\c@section=\count80
\c@subsection=\count81
\c@subsubsection=\count82
\c@paragraph=\count83
\c@subparagraph=\count84
\c@figure=\count85
\c@table=\count86
\abovecaptionskip=\skip41
\belowcaptionskip=\skip42
\bibindent=\dimen102
)
("C:\Program Files\MiKTeX 2.5\tex\latex\base\t1enc.sty"
Package: t1enc 1994/06/01 Standard LaTeX package
)
("C:\Program Files\MiKTeX 2.5\tex\generic\babel\babel.sty"
Package: babel 2005/05/21 v3.8g The Babel package

*************************************
* Local config file bblopts.cfg used
*
("C:\Program Files\MiKTeX 2.5\tex\latex\00miktex\bblopts.cfg"
File: bblopts.cfg 2006/07/31 v1.0 MiKTeX 'babel' configuration
)
("C:\Program Files\MiKTeX 2.5\tex\generic\babel\frenchb.ldf"
Language: french 2005/02/06 v1.6g French support from the babel system

("C:\Program Files\MiKTeX 2.5\tex\generic\babel\babel.def"
File: babel.def 2005/05/21 v3.8g Babel common definitions
\babel@savecnt=\count87
\U@D=\dimen103
)
Package babel Info: Making : an active character on input line 219.
Package babel Info: Making ; an active character on input line 220.
Package babel Info: Making ! an active character on input line 221.
Package babel Info: Making ? an active character on input line 222.
\parindentFFN=\dimen104
\std@mcc=\count88
\dec@mcc=\count89

*************************************
* Local config file frenchb.cfg used
*
("C:\Program Files\MiKTeX 2.5\tex\generic\babel\frenchb.cfg")))
("C:\Program Files\MiKTeX 2.5\tex\latex\amsfonts\amsfonts.sty"
Package: amsfonts 2001/10/25 v2.2f
\@emptytoks=\toks14
\symAMSa=\mathgroup4
\symAMSb=\mathgroup5
LaTeX Font Info:    Overwriting math alphabet `\mathfrak' in version `bold'
(Font)                  U/euf/m/n --> U/euf/b/n on input line 132.
)
("C:\Program Files\MiKTeX 2.5\tex\latex\amsmath\amsmath.sty"
Package: amsmath 2000/07/18 v2.13 AMS math features
\@mathmargin=\skip43

For additional information on amsmath, use the `?' option.
("C:\Program Files\MiKTeX 2.5\tex\latex\amsmath\amstext.sty"
Package: amstext 2000/06/29 v2.01

("C:\Program Files\MiKTeX 2.5\tex\latex\amsmath\amsgen.sty"
File: amsgen.sty 1999/11/30 v2.0
\@emptytoks=\toks15
\ex@=\dimen105
))
("C:\Program Files\MiKTeX 2.5\tex\latex\amsmath\amsbsy.sty"
Package: amsbsy 1999/11/29 v1.2d
\pmbraise@=\dimen106
)
("C:\Program Files\MiKTeX 2.5\tex\latex\amsmath\amsopn.sty"
Package: amsopn 1999/12/14 v2.01 operator names
)
\inf@bad=\count90
LaTeX Info: Redefining \frac on input line 211.
\uproot@=\count91
\leftroot@=\count92
LaTeX Info: Redefining \overline on input line 307.
\classnum@=\count93
\DOTSCASE@=\count94
LaTeX Info: Redefining \ldots on input line 379.
LaTeX Info: Redefining \dots on input line 382.
LaTeX Info: Redefining \cdots on input line 467.
\Mathstrutbox@=\box26
\strutbox@=\box27
\big@size=\dimen107
LaTeX Font Info:    Redeclaring font encoding OML on input line 567.
LaTeX Font Info:    Redeclaring font encoding OMS on input line 568.
\macc@depth=\count95
\c@MaxMatrixCols=\count96
\dotsspace@=\muskip10
\c@parentequation=\count97
\dspbrk@lvl=\count98
\tag@help=\toks16
\row@=\count99
\column@=\count100
\maxfields@=\count101
\andhelp@=\toks17
\eqnshift@=\dimen108
\alignsep@=\dimen109
\tagshift@=\dimen110
\tagwidth@=\dimen111
\totwidth@=\dimen112
\lineht@=\dimen113
\@envbody=\toks18
\multlinegap=\skip44
\multlinetaggap=\skip45
\mathdisplay@stack=\toks19
LaTeX Info: Redefining \[ on input line 2666.
LaTeX Info: Redefining \] on input line 2667.
)
("C:\Program Files\MiKTeX 2.5\tex\latex\graphics\graphicx.sty"
Package: graphicx 1999/02/16 v1.0f Enhanced LaTeX Graphics (DPC,SPQR)

("C:\Program Files\MiKTeX 2.5\tex\latex\graphics\keyval.sty"
Package: keyval 1999/03/16 v1.13 key=value parser (DPC)
\KV@toks@=\toks20
)
("C:\Program Files\MiKTeX 2.5\tex\latex\graphics\graphics.sty"
Package: graphics 2006/02/20 v1.0o Standard LaTeX Graphics (DPC,SPQR)

("C:\Program Files\MiKTeX 2.5\tex\latex\graphics\trig.sty"
Package: trig 1999/03/16 v1.09 sin cos tan (DPC)
)
("C:\Program Files\MiKTeX 2.5\tex\latex\00miktex\graphics.cfg"
File: graphics.cfg 2005/12/29 v1.2 MiKTeX 'graphics' configuration
)
Package graphics Info: Driver file: pdftex.def on input line 90.

("C:\Program Files\MiKTeX 2.5\tex\latex\graphics\pdftex.def"
File: pdftex.def 2007/01/08 v0.04d Graphics/color for pdfTeX
\Gread@gobject=\count102
))
\Gin@req@height=\dimen114
\Gin@req@width=\dimen115
)
("C:\Program Files\MiKTeX 2.5\tex\latex\tools\verbatim.sty"
Package: verbatim 2003/08/22 v1.5q LaTeX2e package for verbatim enhancements
\every@verbatim=\toks21
\verbatim@line=\toks22
\verbatim@in@stream=\read1
)
("C:\Program Files\MiKTeX 2.5\tex\latex\pstricks\pst-node.sty"
("C:\Program Files\MiKTeX 2.5\tex\latex\pstricks\pstricks.sty"
Package: pstricks 2006/08/10 v0.32 LaTeX wrapper for `PSTricks' (RN,HV)

("C:\Program Files\MiKTeX 2.5\tex\generic\pstricks\pstricks.tex"
`PSTricks' v1.15  <2006/12/22> (tvz)
\pst@dima=\dimen116
\pst@dimb=\dimen117
\pst@dimc=\dimen118
\pst@dimd=\dimen119
\pst@dimg=\dimen120
\pst@dimh=\dimen121
\pst@hbox=\box28
\pst@boxg=\box29
\pst@cnta=\count103
\pst@cntb=\count104
\pst@cntc=\count105
\pst@cntd=\count106
\pst@cntg=\count107
\pst@cnth=\count108
\pst@toks=\toks23
("C:\Program Files\MiKTeX 2.5\tex\generic\pstricks\pstricks.con")
\psunit=\dimen122
\psxunit=\dimen123
\psyunit=\dimen124
\pslinewidth=\dimen125
\pst@customdefs=\toks24
\pslinearc=\dimen126
\everypsbox=\toks25
\psframesep=\dimen127
\pslabelsep=\dimen128
\psk@shift=\dimen129
\pst@shift=\dimen130
\theoverlaybox=\box30
)
File: pstricks.tex 2006/12/22 v1.15 `PSTricks' (tvz)

("C:\Program Files\MiKTeX 2.5\tex\latex\graphics\color.sty"
Package: color 2005/11/14 v1.0j Standard LaTeX Color (DPC)

("C:\Program Files\MiKTeX 2.5\tex\latex\00miktex\color.cfg"
File: color.cfg 2005/12/29 v1.1 MiKTeX 'color' configuration
)
Package color Info: Driver file: pdftex.def on input line 130.
Package color Info: Redefining color black on input line 164.
Package color Info: Redefining color white on input line 165.
Package color Info: Redefining color red on input line 168.
Package color Info: Redefining color green on input line 169.
Package color Info: Redefining color blue on input line 170.
Package color Info: Redefining color cyan on input line 173.
Package color Info: Redefining color magenta on input line 174.
Package color Info: Redefining color yellow on input line 175.
)
Package color Info: Redefining color darkgray on input line 83.
Package color Info: Redefining color gray on input line 83.
Package color Info: Redefining color lightgray on input line 83.
Package color Info: Redefining color black on input line 116.
Package color Info: Redefining color darkgray on input line 117.
Package color Info: Redefining color gray on input line 118.
Package color Info: Redefining color lightgray on input line 119.
Package color Info: Redefining color white on input line 120.
Package color Info: Redefining color red on input line 121.
Package color Info: Redefining color green on input line 122.
Package color Info: Redefining color blue on input line 123.
Package color Info: Redefining color yellow on input line 127.
Package color Info: Redefining color cyan on input line 128.
Package color Info: Redefining color magenta on input line 129.
)
Package: pst-node 2006/01/01 package wrapper for pst-node.tex

("C:\Program Files\MiKTeX 2.5\tex\generic\pstricks\pst-node.tex"
 v97 patch 11, 2000/11/09
\psrow=\count109
\pscol=\count110
\psmatrixcnt=\count111
\psrowsep=\skip46
\pscolsep=\skip47
)
File: pst-node.tex 2000/11/09 97 patch 11 `pst-node' (tvz)
) (rapport.aux)
LaTeX Font Info:    Checking defaults for OML/cmm/m/it on input line 14.
LaTeX Font Info:    ... okay on input line 14.
LaTeX Font Info:    Checking defaults for T1/cmr/m/n on input line 14.
LaTeX Font Info:    ... okay on input line 14.
LaTeX Font Info:    Checking defaults for OT1/cmr/m/n on input line 14.
LaTeX Font Info:    ... okay on input line 14.
LaTeX Font Info:    Checking defaults for OMS/cmsy/m/n on input line 14.
LaTeX Font Info:    ... okay on input line 14.
LaTeX Font Info:    Checking defaults for OMX/cmex/m/n on input line 14.
LaTeX Font Info:    ... okay on input line 14.
LaTeX Font Info:    Checking defaults for U/cmr/m/n on input line 14.
LaTeX Font Info:    ... okay on input line 14.
LaTeX Info: Redefining \dots on input line 14.

("C:\Program Files\MiKTeX 2.5\tex\context\base\supp-pdf.tex"
[Loading MPS to PDF converter (version 2006.09.02).]
\scratchcounter=\count112
\scratchdimen=\dimen131
\scratchbox=\box31
\nofMPsegments=\count113
\nofMParguments=\count114
\MPscratchCnt=\count115
\MPscratchDim=\dimen132
\MPnumerator=\count116
\everyMPtoPDFconversion=\toks26
)
LaTeX Font Info:    Try loading font information for U+msa on input line 25.
 ("C:\Program Files\MiKTeX 2.5\tex\latex\amsfonts\umsa.fd"
File: umsa.fd 2002/01/19 v2.2g AMS font definitions
)
LaTeX Font Info:    Try loading font information for U+msb on input line 25.

("C:\Program Files\MiKTeX 2.5\tex\latex\amsfonts\umsb.fd"
File: umsb.fd 2002/01/19 v2.2g AMS font definitions
)
<C:/STAGE/MonCode/rapport/tortue1.JPG, id=1, 301.125pt x 225.84375pt>
File: C:/STAGE/MonCode/rapport/tortue1.JPG Graphic file (type jpg)

<use C:/STAGE/MonCode/rapport/tortue1.JPG> [1
Non-PDF special ignored!
Non-PDF special ignored!
Non-PDF special ignored!

{psfonts.map} <C:/STAGE/MonCode/rapport/tortue1.JPG>]
(rapport.toc)
\tf@toc=\write3
 [1] [2] [3] [4] [5] [6] [7]
<C:/STAGE/MonCode/rapport/diag.JPG, id=50, 401.5pt x 162.6075pt>
File: C:/STAGE/MonCode/rapport/diag.JPG Graphic file (type jpg)

<use C:/STAGE/MonCode/rapport/diag.JPG> [8 <C:/STAGE/MonCode/rapport/diag.JPG>]
<C:/STAGE/MonCode/rapport/brutes.JPG, id=54, 562.1pt x 421.575pt>
File: C:/STAGE/MonCode/rapport/brutes.JPG Graphic file (type jpg)

<use C:/STAGE/MonCode/rapport/brutes.JPG>
<C:/STAGE/MonCode/rapport/switch.JPG, id=55, 562.1pt x 421.575pt>
File: C:/STAGE/MonCode/rapport/switch.JPG Graphic file (type jpg)

<use C:/STAGE/MonCode/rapport/switch.JPG> [9 <C:/STAGE/MonCode/rapport/brutes.J
PG> <C:/STAGE/MonCode/rapport/switch.JPG>]
<C:/STAGE/MonCode/rapport/vit.JPG, id=59, 562.1pt x 421.575pt>
File: C:/STAGE/MonCode/rapport/vit.JPG Graphic file (type jpg)

<use C:/STAGE/MonCode/rapport/vit.JPG> [10 <C:/STAGE/MonCode/rapport/vit.JPG>]
[11] <C:/STAGE/MonCode/rapport/simu.JPG, id=72, 562.1pt x 421.575pt>
File: C:/STAGE/MonCode/rapport/simu.JPG Graphic file (type jpg)

<use C:/STAGE/MonCode/rapport/simu.JPG> [12]
<C:/STAGE/MonCode/rapport/simuzoom.JPG, id=77, 562.1pt x 421.575pt>
File: C:/STAGE/MonCode/rapport/simuzoom.JPG Graphic file (type jpg)

<use C:/STAGE/MonCode/rapport/simuzoom.JPG> [13 <C:/STAGE/MonCode/rapport/simu.
JPG> <C:/STAGE/MonCode/rapport/simuzoom.JPG>]
<C:/STAGE/MonCode/rapport/chia.JPG, id=84, 562.1pt x 421.575pt>
File: C:/STAGE/MonCode/rapport/chia.JPG Graphic file (type jpg)

<use C:/STAGE/MonCode/rapport/chia.JPG> [14 <C:/STAGE/MonCode/rapport/chia.JPG>
] <C:/STAGE/MonCode/rapport/chib.JPG, id=88, 562.1pt x 421.575pt>
File: C:/STAGE/MonCode/rapport/chib.JPG Graphic file (type jpg)

<use C:/STAGE/MonCode/rapport/chib.JPG> [15 <C:/STAGE/MonCode/rapport/chib.JPG>
] <C:/STAGE/MonCode/rapport/chic.JPG, id=92, 562.1pt x 421.575pt>
File: C:/STAGE/MonCode/rapport/chic.JPG Graphic file (type jpg)

<use C:/STAGE/MonCode/rapport/chic.JPG> [16 <C:/STAGE/MonCode/rapport/chic.JPG>
] <C:/STAGE/MonCode/rapport/pessa.JPG, id=96, 562.1pt x 421.575pt>
File: C:/STAGE/MonCode/rapport/pessa.JPG Graphic file (type jpg)

<use C:/STAGE/MonCode/rapport/pessa.JPG>
<C:/STAGE/MonCode/rapport/pessb.JPG, id=97, 562.1pt x 421.575pt>
File: C:/STAGE/MonCode/rapport/pessb.JPG Graphic file (type jpg)

<use C:/STAGE/MonCode/rapport/pessb.JPG> [17 <C:/STAGE/MonCode/rapport/pessa.JP
G>] <C:/STAGE/MonCode/rapport/pessc.JPG, id=101, 562.1pt x 421.575pt>
File: C:/STAGE/MonCode/rapport/pessc.JPG Graphic file (type jpg)

<use C:/STAGE/MonCode/rapport/pessc.JPG> [18 <C:/STAGE/MonCode/rapport/pessb.JP
G> <C:/STAGE/MonCode/rapport/pessc.JPG>]
<C:/STAGE/MonCode/rapport/globaltort8.JPG, id=106, 599.23875pt x 237.88875pt>
File: C:/STAGE/MonCode/rapport/globaltort8.JPG Graphic file (type jpg)

<use C:/STAGE/MonCode/rapport/globaltort8.JPG>
<C:/STAGE/MonCode/rapport/zoomtort8.JPG, id=107, 304.13625pt x 382.42876pt>
File: C:/STAGE/MonCode/rapport/zoomtort8.JPG Graphic file (type jpg)

<use C:/STAGE/MonCode/rapport/zoomtort8.JPG> [19 <C:/STAGE/MonCode/rapport/glob
altort8.JPG>]
<C:/STAGE/MonCode/rapport/globalcepe2.JPG, id=111, 460.72125pt x 312.41719pt>
File: C:/STAGE/MonCode/rapport/globalcepe2.JPG Graphic file (type jpg)

<use C:/STAGE/MonCode/rapport/globalcepe2.JPG>
<C:/STAGE/MonCode/rapport/zoomcepe2.JPG, id=112, 453.19313pt x 227.34938pt>
File: C:/STAGE/MonCode/rapport/zoomcepe2.JPG Graphic file (type jpg)

<use C:/STAGE/MonCode/rapport/zoomcepe2.JPG> [20 <C:/STAGE/MonCode/rapport/zoom
tort8.JPG> <C:/STAGE/MonCode/rapport/globalcepe2.JPG> <C:/STAGE/MonCode/rapport
/zoomcepe2.JPG>]
<C:/STAGE/MonCode/rapport/propretort8.JPG, id=116, 562.1pt x 421.575pt>
File: C:/STAGE/MonCode/rapport/propretort8.JPG Graphic file (type jpg)

<use C:/STAGE/MonCode/rapport/propretort8.JPG>
<C:/STAGE/MonCode/rapport/proprecepe2.JPG, id=117, 562.1pt x 421.575pt>
File: C:/STAGE/MonCode/rapport/proprecepe2.JPG Graphic file (type jpg)

<use C:/STAGE/MonCode/rapport/proprecepe2.JPG>
<C:/STAGE/MonCode/rapport/comptort8.JPG, id=118, 562.1pt x 421.575pt>
File: C:/STAGE/MonCode/rapport/comptort8.JPG Graphic file (type jpg)

<use C:/STAGE/MonCode/rapport/comptort8.JPG> [21 <C:/STAGE/MonCode/rapport/prop
retort8.JPG> <C:/STAGE/MonCode/rapport/proprecepe2.JPG>]
<C:/STAGE/MonCode/rapport/compcepe2.JPG, id=122, 562.1pt x 421.575pt>
File: C:/STAGE/MonCode/rapport/compcepe2.JPG Graphic file (type jpg)

<use C:/STAGE/MonCode/rapport/compcepe2.JPG> [22 <C:/STAGE/MonCode/rapport/comp
tort8.JPG> <C:/STAGE/MonCode/rapport/compcepe2.JPG>]
<C:/STAGE/MonCode/rapport/argos1.JPG, id=126, 272.51813pt x 265.74281pt>
File: C:/STAGE/MonCode/rapport/argos1.JPG Graphic file (type jpg)

<use C:/STAGE/MonCode/rapport/argos1.JPG>
<C:/STAGE/MonCode/rapport/argos2.JPG, id=127, 272.51813pt x 140.02313pt>
File: C:/STAGE/MonCode/rapport/argos2.JPG Graphic file (type jpg)

<use C:/STAGE/MonCode/rapport/argos2.JPG> [23 <C:/STAGE/MonCode/rapport/argos1.
JPG>]
Overfull \hbox (7.57246pt too wide) in paragraph at lines 642--642
[]\T1/cmr/bx/n/14.4 Description des prin-ci-pales rou-tines écrites sous Mat-
 []

[24 <C:/STAGE/MonCode/rapport/argos2.JPG>] [25] [26] [27] (rapport.aux) ) 
Here is how much of TeX's memory you used:
 3752 strings out of 95419
 44561 string characters out of 1187295
 117092 words of memory out of 1115672
 6695 multiletter control sequences out of 60000
 17065 words of font info for 51 fonts, out of 1000000 for 2000
 14 hyphenation exceptions out of 8191
 30i,8n,24p,842b,246s stack positions out of 5000i,500n,10000p,200000b,32768s
PDF statistics:
 143 PDF objects out of 300000
 0 named destinations out of 300000
 116 words of extra memory for PDF output out of 10000
<C:/Pr
ogram Files/MiKTeX 2.5/fonts/type1/bluesky/cm/cmr10.pfb><C:/Program Files/MiKTe
X 2.5/fonts/type1/bluesky/cm/cmsy10.pfb><C:/Program Files/MiKTeX 2.5/fonts/type
1/bluesky/cm/cmsy8.pfb><C:/Program Files/MiKTeX 2.5/fonts/type1/bluesky/cm/cmmi
8.pfb><C:/Program Files/MiKTeX 2.5/fonts/type1/bluesky/cm/cmex10.pfb><C:/Progra
m Files/MiKTeX 2.5/fonts/type1/bluesky/cm/cmr12.pfb> <C:\Documents and Settings
\All Users\Application Data\MiKTeX\2.5\fonts\pk\ljfour\jknappen\ec\dpi600\ecbx1
440.pk><C:/Program Files/MiKTeX 2.5/fonts/type1/bluesky/cm/cmr8.pfb><C:/Program
 Files/MiKTeX 2.5/fonts/type1/bluesky/cm/cmmi12.pfb> <C:\Documents and Settings
\All Users\Application Data\MiKTeX\2.5\fonts\pk\ljfour\jknappen\ec\dpi600\ecbx1
200.pk> <C:\Documents and Settings\All Users\Application Data\MiKTeX\2.5\fonts\
pk\ljfour\jknappen\ec\dpi600\ecbx1728.pk> <C:\Documents and Settings\All Users\
Application Data\MiKTeX\2.5\fonts\pk\ljfour\jknappen\ec\dpi600\ecrm1200.pk> <C:
\Documents and Settings\All Users\Application Data\MiKTeX\2.5\fonts\pk\ljfour\j
knappen\ec\dpi600\ecrm1440.pk> <C:\Documents and Settings\All Users\Application
 Data\MiKTeX\2.5\fonts\pk\ljfour\jknappen\ec\dpi600\ecrm1728.pk> <C:\Documents 
and Settings\All Users\Application Data\MiKTeX\2.5\fonts\pk\ljfour\jknappen\ec\
dpi600\ecrm2488.pk>
Output written on rapport.pdf (28 pages, 761990 bytes).
